Using pre-set license
Built from '2020.3/staging' branch; Version is '2020.3.22f1 (e1a7f79fd887) revision 14788599'; Using compiler version '192528614'; Build Type 'Release'
OS: 'Windows 10 Pro; OS build 19044.1387; Version 2009; 64bit' Language: 'en' Physical Memory: 16129 MB
BatchMode: 1, IsHumanControllingUs: 0, StartBugReporterOnCrash: 0, Is64bit: 1, IsPro: 0

COMMAND LINE ARGUMENTS:
C:\Program Files\Unity\Hub\Editor\2020.3.22f1\Editor\Unity.exe
-adb2
-batchMode
-noUpm
-name
AssetImportWorker0
-projectPath
C:/Users/khali/Downloads/Game_project_test_(1)-20211123T163137Z-001/Game_project_test_(1)
-logFile
Logs/AssetImportWorker0.log
-srvPort
58096
Successfully changed project path to: C:/Users/khali/Downloads/Game_project_test_(1)-20211123T163137Z-001/Game_project_test_(1)
C:/Users/khali/Downloads/Game_project_test_(1)-20211123T163137Z-001/Game_project_test_(1)
Using Asset Import Pipeline V2.
Refreshing native plugins compatible for Editor in 110.87 ms, found 4 plugins.
Preloading 0 native plugins for Editor in 0.00 ms.
Initialize engine version: 2020.3.22f1 (e1a7f79fd887)
[Subsystems] Discovering subsystems at path C:/Program Files/Unity/Hub/Editor/2020.3.22f1/Editor/Data/Resources/UnitySubsystems
[Subsystems] Discovering subsystems at path C:/Users/khali/Downloads/Game_project_test_(1)-20211123T163137Z-001/Game_project_test_(1)/Assets
GfxDevice: creating device client; threaded=0
Direct3D:
    Version:  Direct3D 11.0 [level 11.1]
    Renderer: NVIDIA GeForce GTX 1650 Ti (ID=0x1f95)
    Vendor:   
    VRAM:     3964 MB
    Driver:   30.0.14.7135
Initialize mono
Mono path[0] = 'C:/Program Files/Unity/Hub/Editor/2020.3.22f1/Editor/Data/Managed'
Mono path[1] = 'C:/Program Files/Unity/Hub/Editor/2020.3.22f1/Editor/Data/MonoBleedingEdge/lib/mono/unityjit'
Mono config path = 'C:/Program Files/Unity/Hub/Editor/2020.3.22f1/Editor/Data/MonoBleedingEdge/etc'
Using monoOptions --debugger-agent=transport=dt_socket,embedding=1,server=y,suspend=n,address=127.0.0.1:56740
Begin MonoManager ReloadAssembly
Registering precompiled unity dll's ...
Register platform support module: C:/Program Files/Unity/Hub/Editor/2020.3.22f1/Editor/Data/PlaybackEngines/WindowsStandaloneSupport/UnityEditor.WindowsStandalone.Extensions.dll
Registered in 0.002092 seconds.
Native extension for WindowsStandalone target not found
Refreshing native plugins compatible for Editor in 117.47 ms, found 4 plugins.
Preloading 0 native plugins for Editor in 0.00 ms.
Mono: successfully reloaded assembly
- Completed reload, in  1.091 seconds
Domain Reload Profiling:
	ReloadAssembly (1091ms)
		BeginReloadAssembly (61ms)
			ExecutionOrderSort (0ms)
			DisableScriptedObjects (0ms)
			BackupInstance (0ms)
			ReleaseScriptingObjects (0ms)
			CreateAndSetChildDomain (1ms)
		EndReloadAssembly (509ms)
			LoadAssemblies (57ms)
			RebuildTransferFunctionScriptingTraits (0ms)
			SetupTypeCache (144ms)
			ReleaseScriptCaches (0ms)
			RebuildScriptCaches (29ms)
			SetupLoadedEditorAssemblies (232ms)
				LogAssemblyErrors (0ms)
				InitializePlatformSupportModulesInManaged (4ms)
				SetLoadedEditorAssemblies (0ms)
				RefreshPlugins (118ms)
				BeforeProcessingInitializeOnLoad (9ms)
				ProcessInitializeOnLoadAttributes (75ms)
				ProcessInitializeOnLoadMethodAttributes (26ms)
				AfterProcessingInitializeOnLoad (0ms)
				EditorAssembliesLoaded (0ms)
			ExecutionOrderSort2 (0ms)
			AwakeInstancesAfterBackupRestoration (0ms)
Platform modules already initialized, skipping
Registering precompiled user dll's ...
Registered in 0.008695 seconds.
Begin MonoManager ReloadAssembly
Error: Could not load signature of Cinemachine.PostFX.Editor.CinemachinePostProcessingEditor:RefreshEffectListEditor due to: Could not load file or assembly 'Unity.Postprocessing.Runtime, Version=0.0.0.0, Culture=neutral, PublicKeyToken=null' or one of its dependencies. assembly:Unity.Postprocessing.Runtime, Version=0.0.0.0, Culture=neutral, PublicKeyToken=null type:<unknown type> member:(null) signature:<none>
Script error: OnTriggerEnter
This message parameter has to be of type: Collider
The message will be ignored.
Unloading broken assembly Library/ScriptAssemblies/com.unity.cinemachine.editor.dll, this assembly can cause crashes in the runtime
Native extension for WindowsStandalone target not found
Refreshing native plugins compatible for Editor in 123.60 ms, found 4 plugins.
Preloading 0 native plugins for Editor in 0.00 ms.
[ScriptCompilation] NOT recompiling all scripts because this is an import worker process. Reason to compile was: Define symbols changed
System.Reflection.TargetInvocationException: Exception has been thrown by the target of an invocation. ---> System.NullReferenceException: Object reference not set to an instance of an object
  at StarterAssets.PackageChecker.CheckPackage () [0x001c2] in C:\Users\khali\Downloads\Game_project_test_(1)-20211123T163137Z-001\Game_project_test_(1)\Assets\StarterAssets\Editor\PackageChecker\PackageChecker.cs:105 
  at (wrapper managed-to-native) System.Reflection.MonoMethod.InternalInvoke(System.Reflection.MonoMethod,object,object[],System.Exception&)
  at System.Reflection.MonoMethod.Invoke (System.Object obj, System.Reflection.BindingFlags invokeAttr, System.Reflection.Binder binder, System.Object[] parameters, System.Globalization.CultureInfo culture) [0x00032] in <695d1cc93cca45069c528c15c9fdd749>:0 
   --- End of inner exception stack trace ---
  at System.Reflection.MonoMethod.Invoke (System.Object obj, System.Reflection.BindingFlags invokeAttr, System.Reflection.Binder binder, System.Object[] parameters, System.Globalization.CultureInfo culture) [0x00048] in <695d1cc93cca45069c528c15c9fdd749>:0 
  at System.Reflection.MethodBase.Invoke (System.Object obj, System.Object[] parameters) [0x00000] in <695d1cc93cca45069c528c15c9fdd749>:0 
  at UnityEditor.EditorAssemblies.ProcessInitializeOnLoadMethodAttributes () [0x00047] in <2cd7ebc9c2ef4276a8edbc7de85c89ce>:0 
UnityEngine.StackTraceUtility:ExtractStackTrace ()
UnityEngine.DebugLogHandler:LogFormat (UnityEngine.LogType,UnityEngine.Object,string,object[])
UnityEngine.Logger:Log (UnityEngine.LogType,object)
UnityEngine.Debug:LogError (object)
UnityEditor.EditorAssemblies:ProcessInitializeOnLoadMethodAttributes ()

Mono: successfully reloaded assembly
- Completed reload, in  1.725 seconds
Domain Reload Profiling:
	ReloadAssembly (1725ms)
		BeginReloadAssembly (164ms)
			ExecutionOrderSort (0ms)
			DisableScriptedObjects (5ms)
			BackupInstance (0ms)
			ReleaseScriptingObjects (0ms)
			CreateAndSetChildDomain (18ms)
		EndReloadAssembly (1492ms)
			LoadAssemblies (117ms)
			RebuildTransferFunctionScriptingTraits (0ms)
			SetupTypeCache (406ms)
			ReleaseScriptCaches (1ms)
			RebuildScriptCaches (67ms)
			SetupLoadedEditorAssemblies (764ms)
				LogAssemblyErrors (0ms)
				InitializePlatformSupportModulesInManaged (4ms)
				SetLoadedEditorAssemblies (0ms)
				RefreshPlugins (124ms)
				BeforeProcessingInitializeOnLoad (108ms)
				ProcessInitializeOnLoadAttributes (484ms)
				ProcessInitializeOnLoadMethodAttributes (36ms)
				AfterProcessingInitializeOnLoad (8ms)
				EditorAssembliesLoaded (0ms)
			ExecutionOrderSort2 (0ms)
			AwakeInstancesAfterBackupRestoration (6ms)
Platform modules already initialized, skipping
========================================================================
Worker process is ready to serve import requests
Launched and connected shader compiler UnityShaderCompiler.exe after 0.05 seconds
Refreshing native plugins compatible for Editor in 1.09 ms, found 4 plugins.
Preloading 0 native plugins for Editor in 0.00 ms.
Unloading 4344 Unused Serialized files (Serialized files now loaded: 0)
System memory in use before: 255.5 MB.
System memory in use after: 255.7 MB.

Unloading 114 unused Assets to reduce memory usage. Loaded Objects now: 4785.
Total: 7.064300 ms (FindLiveObjects: 0.707100 ms CreateObjectMapping: 0.446100 ms MarkObjects: 5.391800 ms  DeleteObjects: 0.517600 ms)

AssetImportParameters requested are different than current active one (requested -> active):
  custom:framework-win-MediaFoundation: 216162199b28c13a410421893ffa2e32 -> 
  custom:video-decoder-ogg-theora: a1e56fd34408186e4bbccfd4996cb3dc -> 
  custom:container-muxer-webm: aa71ff27fc2769a1b78a27578f13a17b -> 
  custom:container-demuxer-webm: 4f35f7cbe854078d1ac9338744f61a02 -> 
  custom:container-demuxer-ogg: 62fdf1f143b41e24485cea50d1cbac27 -> 
  custom:video-encoder-webm-vp8: eb34c28f22e8b96e1ab97ce403110664 -> 
  custom:video-codec-MediaFoundation-h265: 746d11721c4dcdbdad8f713fa42b33f4 -> 
  custom:video-decoder-webm-vp8: 9c59270c3fd7afecdb556c50c9e8de78 -> 
  custom:audio-decoder-ogg-vorbis: bf7c407c2cedff20999df2af8eb42d56 -> 
  custom:audio-encoder-webm-vorbis: bf7c407c2cedff20999df2af8eb42d56 -> 
========================================================================
Received Import Request.
  path: Assets/floor_mat.mat
  artifactKey: Guid(4a1fbb7bf42fc974fba69f306c4d93c4) Importer(815301076,1909f56bfc062723c751e8b465ee728b)
Start importing Assets/floor_mat.mat using Guid(4a1fbb7bf42fc974fba69f306c4d93c4) Importer(815301076,1909f56bfc062723c751e8b465ee728b)  -> (artifact id: 'b9f893a07bfd271e91d05cf1d308e805') in 0.172732 seconds 
  Import took 0.181902 seconds .

========================================================================
Received Import Request.
  Time since last request: 0.000337 seconds.
  path: Assets/New Terrain 1.asset
  artifactKey: Guid(366c37040556df842b80b2c161dbb9a2) Importer(815301076,1909f56bfc062723c751e8b465ee728b)
Start importing Assets/New Terrain 1.asset using Guid(366c37040556df842b80b2c161dbb9a2) Importer(815301076,1909f56bfc062723c751e8b465ee728b)  -> (artifact id: 'c058e27dc99474eeb8efa250bc5b9512') in 0.020113 seconds 
  Import took 0.027853 seconds .

========================================================================
Received Import Request.
  Time since last request: 0.000242 seconds.
  path: Assets/NewLayer 1.terrainlayer
  artifactKey: Guid(c8d9b76e93bd36e4a997eb79a48ce10b) Importer(815301076,1909f56bfc062723c751e8b465ee728b)
Start importing Assets/NewLayer 1.terrainlayer using Guid(c8d9b76e93bd36e4a997eb79a48ce10b) Importer(815301076,1909f56bfc062723c751e8b465ee728b)  -> (artifact id: 'aefe8f549218c829222a04d3dba320ef') in 0.018110 seconds 
  Import took 0.025313 seconds .

========================================================================
Received Import Request.
  Time since last request: 0.000256 seconds.
  path: Assets/NewLayer.terrainlayer
  artifactKey: Guid(b1a4960e66dd27d46a6aae920d276a24) Importer(815301076,1909f56bfc062723c751e8b465ee728b)
Start importing Assets/NewLayer.terrainlayer using Guid(b1a4960e66dd27d46a6aae920d276a24) Importer(815301076,1909f56bfc062723c751e8b465ee728b)  -> (artifact id: '21b3e69bb722e86f10bdccd050feb740') in 0.025714 seconds 
  Import took 0.032833 seconds .

========================================================================
Received Import Request.
  Time since last request: 0.000210 seconds.
  path: Assets/FugazOne-Regular.ttf
  artifactKey: Guid(e99fb110de7da8f419e974776749a8e0) Importer(815301076,1909f56bfc062723c751e8b465ee728b)
Start importing Assets/FugazOne-Regular.ttf using Guid(e99fb110de7da8f419e974776749a8e0) Importer(815301076,1909f56bfc062723c751e8b465ee728b)  -> (artifact id: '4f4a263f1479e973807e48448ce3b8c2') in 0.032742 seconds 
  Import took 0.039799 seconds .

========================================================================
Received Import Request.
  Time since last request: 0.000307 seconds.
  path: Assets/canva-rainbow-gradient-pink-and-purple-zoom-virtual-background-_Tcjok-d9b4.jpg
  artifactKey: Guid(8c8768a1c2f1ce04e8981e572025fd23) Importer(815301076,1909f56bfc062723c751e8b465ee728b)
Start importing Assets/canva-rainbow-gradient-pink-and-purple-zoom-virtual-background-_Tcjok-d9b4.jpg using Guid(8c8768a1c2f1ce04e8981e572025fd23) Importer(815301076,1909f56bfc062723c751e8b465ee728b)  -> (artifact id: '36dd3f42506335e70375074441f015e0') in 0.035297 seconds 
  Import took 0.042230 seconds .

========================================================================
Received Import Request.
  Time since last request: 0.000269 seconds.
  path: Assets/New Terrain.asset
  artifactKey: Guid(f59b36466fae7d94e9cec70186bd3a93) Importer(815301076,1909f56bfc062723c751e8b465ee728b)
Start importing Assets/New Terrain.asset using Guid(f59b36466fae7d94e9cec70186bd3a93) Importer(815301076,1909f56bfc062723c751e8b465ee728b)  -> (artifact id: '9fd0e36e3113d2860d90c537133cba92') in 0.025736 seconds 
  Import took 0.032623 seconds .

========================================================================
Received Import Request.
  Time since last request: 0.000227 seconds.
  path: Assets/platform material.mat
  artifactKey: Guid(e80143be9a893b1458121a1144a8bedd) Importer(815301076,1909f56bfc062723c751e8b465ee728b)
Start importing Assets/platform material.mat using Guid(e80143be9a893b1458121a1144a8bedd) Importer(815301076,1909f56bfc062723c751e8b465ee728b)  -> (artifact id: '6b87ba8add1cd152eada619476d0e679') in 0.288902 seconds 
  Import took 0.295634 seconds .

========================================================================
Received Prepare
Refreshing native plugins compatible for Editor in 9.03 ms, found 4 plugins.
Preloading 0 native plugins for Editor in 0.00 ms.
Unloading 23 Unused Serialized files (Serialized files now loaded: 0)
System memory in use before: 167.3 MB.
System memory in use after: 167.5 MB.

Unloading 23 unused Assets to reduce memory usage. Loaded Objects now: 4834.
Total: 5.125500 ms (FindLiveObjects: 0.438200 ms CreateObjectMapping: 0.266000 ms MarkObjects: 4.320300 ms  DeleteObjects: 0.099400 ms)

AssetImportParameters requested are different than current active one (requested -> active):
  custom:framework-win-MediaFoundation: 216162199b28c13a410421893ffa2e32 -> 
  custom:video-decoder-ogg-theora: a1e56fd34408186e4bbccfd4996cb3dc -> 
  custom:container-muxer-webm: aa71ff27fc2769a1b78a27578f13a17b -> 
  custom:container-demuxer-webm: 4f35f7cbe854078d1ac9338744f61a02 -> 
  custom:container-demuxer-ogg: 62fdf1f143b41e24485cea50d1cbac27 -> 
  custom:video-encoder-webm-vp8: eb34c28f22e8b96e1ab97ce403110664 -> 
  custom:video-codec-MediaFoundation-h265: 746d11721c4dcdbdad8f713fa42b33f4 -> 
  custom:video-decoder-webm-vp8: 9c59270c3fd7afecdb556c50c9e8de78 -> 
  custom:audio-decoder-ogg-vorbis: bf7c407c2cedff20999df2af8eb42d56 -> 
  custom:audio-encoder-webm-vorbis: bf7c407c2cedff20999df2af8eb42d56 -> 
========================================================================
Received Import Request.
  Time since last request: 7.320881 seconds.
  path: Assets/player_mat.mat
  artifactKey: Guid(076718fd045e0784cba98de9911d298f) Importer(815301076,1909f56bfc062723c751e8b465ee728b)
Start importing Assets/player_mat.mat using Guid(076718fd045e0784cba98de9911d298f) Importer(815301076,1909f56bfc062723c751e8b465ee728b)  -> (artifact id: '763f8a722cee95a632fb9dc6da585101') in 0.178951 seconds 
  Import took 0.184614 seconds .

========================================================================
Received Import Request.
  Time since last request: 0.000222 seconds.
  path: Assets/SCRIPTIN.ttf
  artifactKey: Guid(9728d00914639294b9a7f357a754a02b) Importer(815301076,1909f56bfc062723c751e8b465ee728b)
Start importing Assets/SCRIPTIN.ttf using Guid(9728d00914639294b9a7f357a754a02b) Importer(815301076,1909f56bfc062723c751e8b465ee728b)  -> (artifact id: 'e3a1e2512a9d09fa2e852903c949b4ba') in 0.012684 seconds 
  Import took 0.018855 seconds .

========================================================================
Received Import Request.
  Time since last request: 0.000172 seconds.
  path: Assets/Tree.prefab
  artifactKey: Guid(3725e0e9a2190d84c94b0807c1d5d603) Importer(815301076,1909f56bfc062723c751e8b465ee728b)
Start importing Assets/Tree.prefab using Guid(3725e0e9a2190d84c94b0807c1d5d603) Importer(815301076,1909f56bfc062723c751e8b465ee728b)  -> (artifact id: '950b3acf202e9df52f9c5d5a21c80c46') in 0.419263 seconds 
  Import took 0.425391 seconds .

========================================================================
Received Import Request.
  Time since last request: 0.000259 seconds.
  path: Assets/wall_material.mat
  artifactKey: Guid(47222eef12ebe194b94840dd03cd35a5) Importer(815301076,1909f56bfc062723c751e8b465ee728b)
Start importing Assets/wall_material.mat using Guid(47222eef12ebe194b94840dd03cd35a5) Importer(815301076,1909f56bfc062723c751e8b465ee728b)  -> (artifact id: '4ae61d8e4b394ba151683193ef6d4c8d') in 0.136355 seconds 
  Import took 0.141707 seconds .

========================================================================
Received Import Request.
  Time since last request: 0.000288 seconds.
  path: Assets/skywalk.fbx
  artifactKey: Guid(a5f50569a45ed48fa80b2b980f259f9e) Importer(815301076,1909f56bfc062723c751e8b465ee728b)
Start importing Assets/skywalk.fbx using Guid(a5f50569a45ed48fa80b2b980f259f9e) Importer(815301076,1909f56bfc062723c751e8b465ee728b)  -> (artifact id: '7d709cd7b018fd20e20e5260b1b20147') in 0.472421 seconds 
  Import took 0.478695 seconds .

AssetImportWorkerClient::OnTransportError - code=2 error=End of file
